<?xml version="1.0" encoding="UTF-8"?>
<!-- Generated by org.testng.reporters.JUnitReportReporter -->
<testsuite hostname="DESKTOP-R5G2DOL" failures="0" tests="2" name="com.testng.annotations.Parallel_Testing" time="14.479" errors="0" timestamp="2022-11-18T13:05:46 IST" skipped="0">
  <testcase classname="com.testng.annotations.Parallel_Testing" name="instagram" time="9.609"/>
  <system-out/>
  <testcase classname="com.testng.annotations.Parallel_Testing" name="fb" time="4.870"/>
  <system-out/>
</testsuite> <!-- com.testng.annotations.Parallel_Testing -->
