<?xml version="1.0" encoding="UTF-8"?>
<!-- Generated by org.testng.reporters.JUnitReportReporter -->
<testsuite hostname="DESKTOP-R5G2DOL" failures="0" tests="10" name="org.testng.proj.Adactin_With_BaseClass" time="122.745" errors="0" timestamp="2022-11-19T21:38:01 IST" skipped="1">
  <testcase classname="org.testng.proj.Adactin_With_BaseClass" name="refresh" time="0.015"/>
  <system-out/>
  <testcase classname="org.testng.proj.Adactin_With_BaseClass" name="refresh" time="0.038"/>
  <system-out/>
  <testcase classname="org.testng.proj.Adactin_With_BaseClass" name="Hard_Assert" time="0.064"/>
  <system-out/>
  <testcase classname="org.testng.proj.Adactin_With_BaseClass" name="soft_Assert" time="55.774"/>
  <system-out/>
  <testcase classname="org.testng.proj.Adactin_With_BaseClass" name="login_Page" time="10.309"/>
  <system-out/>
  <testcase classname="org.testng.proj.Adactin_With_BaseClass" name="hotel_Details" time="9.041"/>
  <system-out/>
  <testcase classname="org.testng.proj.Adactin_With_BaseClass" name="select_Hotel" time="3.258"/>
  <system-out/>
  <testcase classname="org.testng.proj.Adactin_With_BaseClass" name="personal_Details" time="10.050"/>
  <system-out/>
  <testcase classname="org.testng.proj.Adactin_With_BaseClass" name="my_Booking" time="34.196"/>
  <system-out/>
  <testcase classname="org.testng.proj.Adactin_With_BaseClass" name="screenshot">
    <skipped/>
  </testcase> <!-- screenshot -->
  <system-out/>
</testsuite> <!-- org.testng.proj.Adactin_With_BaseClass -->
