<?xml version="1.0" encoding="UTF-8"?>
<!-- Generated by org.testng.reporters.JUnitReportReporter -->
<testsuite hostname="DESKTOP-R5G2DOL" failures="0" tests="2" name="com.testng.annotations.Cross_Browser" time="34.880" errors="0" timestamp="2022-11-18T13:27:59 IST" skipped="0">
  <testcase classname="com.testng.annotations.Cross_Browser" name="fb" time="17.590"/>
  <system-out/>
  <testcase classname="com.testng.annotations.Cross_Browser" name="instagram" time="17.290"/>
  <system-out/>
</testsuite> <!-- com.testng.annotations.Cross_Browser -->
