<?xml version="1.0" encoding="UTF-8"?>
<!-- Generated by org.testng.reporters.JUnitReportReporter -->
<testsuite hostname="DESKTOP-R5G2DOL" failures="0" tests="6" name="com.testng.annotations.InvocationTimeOut_Annotation" time="10.091" errors="0" timestamp="2022-11-18T15:30:42 IST" skipped="0">
  <testcase classname="com.testng.annotations.InvocationTimeOut_Annotation" name="browser" time="1.310"/>
  <system-out/>
  <testcase classname="com.testng.annotations.InvocationTimeOut_Annotation" name="maximize" time="0.049"/>
  <system-out/>
  <testcase classname="com.testng.annotations.InvocationTimeOut_Annotation" name="refresh" time="0.016"/>
  <system-out/>
  <testcase classname="com.testng.annotations.InvocationTimeOut_Annotation" name="email" time="0.523"/>
  <system-out/>
  <testcase classname="com.testng.annotations.InvocationTimeOut_Annotation" name="pass" time="0.158"/>
  <system-out/>
  <testcase classname="com.testng.annotations.InvocationTimeOut_Annotation" name="loginBtn" time="8.035"/>
  <system-out/>
</testsuite> <!-- com.testng.annotations.InvocationTimeOut_Annotation -->
