<?xml version="1.0" encoding="UTF-8"?>
<!-- Generated by org.testng.reporters.JUnitReportReporter -->
<testsuite hostname="DESKTOP-R5G2DOL" failures="0" tests="5" name="com.testng.annotations.Priority_Annotation" time="18.920" errors="0" timestamp="2022-11-18T12:25:46 IST" skipped="0">
  <testcase classname="com.testng.annotations.Priority_Annotation" name="browser" time="6.111"/>
  <system-out/>
  <testcase classname="com.testng.annotations.Priority_Annotation" name="maximize" time="1.302"/>
  <system-out/>
  <testcase classname="com.testng.annotations.Priority_Annotation" name="email" time="0.383"/>
  <system-out/>
  <testcase classname="com.testng.annotations.Priority_Annotation" name="pass" time="0.233"/>
  <system-out/>
  <testcase classname="com.testng.annotations.Priority_Annotation" name="loginBtn" time="10.891"/>
  <system-out/>
</testsuite> <!-- com.testng.annotations.Priority_Annotation -->
