<?xml version="1.0" encoding="UTF-8"?>
<!-- Generated by org.testng.reporters.JUnitReportReporter -->
<testsuite hostname="DESKTOP-R5G2DOL" failures="0" tests="6" name="com.testng.annotations.Parameter_Annotation_MultipleData" time="0.250" errors="0" timestamp="2022-11-18T12:53:53 IST" skipped="0">
  <testcase classname="com.testng.annotations.Parameter_Annotation_MultipleData" name="address" time="0.025"/>
  <system-out/>
  <testcase classname="com.testng.annotations.Parameter_Annotation_MultipleData" name="credencials" time="0.010"/>
  <system-out/>
  <testcase classname="com.testng.annotations.Parameter_Annotation_MultipleData" name="address" time="0.008"/>
  <system-out/>
  <testcase classname="com.testng.annotations.Parameter_Annotation_MultipleData" name="credencials" time="0.004"/>
  <system-out/>
  <testcase classname="com.testng.annotations.Parameter_Annotation_MultipleData" name="address" time="0.197"/>
  <system-out/>
  <testcase classname="com.testng.annotations.Parameter_Annotation_MultipleData" name="credencials" time="0.006"/>
  <system-out/>
</testsuite> <!-- com.testng.annotations.Parameter_Annotation_MultipleData -->
